<?xml version="1.0" encoding="UTF-8"?>
<!-- Generated by org.testng.reporters.JUnitXMLReporter -->
<testsuite hostname="Lenovo-PC" name="SuiteOneCaseTwo" tests="2" failures="1" timestamp="23 May 2015 15:52:01 GMT" time="23.233" errors="0">
  <testcase name="SuiteOneCaseTwoTest" time="19.499" classname="SuiteOne.SuiteOneCaseTwo"/>
  <testcase name="SuiteOneCaseTwoTest" time="3.278" classname="SuiteOne.SuiteOneCaseTwo">
    <failure type="java.lang.AssertionError" message="The following asserts failed:
ActualResult Value -2 And ExpectedResult Value -3 Not Match">
      <![CDATA[java.lang.AssertionError: The following asserts failed:
ActualResult Value -2 And ExpectedResult Value -3 Not Match
	at SuiteOne.SuiteOneCaseTwo.SuiteOneCaseTwoTest(SuiteOneCaseTwo.java:99)
... Removed 26 stack frames]]>
    </failure>
  </testcase> <!-- SuiteOneCaseTwoTest -->
</testsuite> <!-- SuiteOneCaseTwo -->
